  2dbox.cpp
C:\Users\admin\source\repos\FpsGame\2dbox.cpp(1,1): warning C4819: 현재 코드 페이지(949)에서 표시할 수 없는 문자가 파일에 들어 있습니다. 데이터가 손실되지 않게 하려면 해당 파일을 유니코드 형식으로 저장하십시오.
  3dpolygon.cpp
C:\Users\admin\source\repos\FpsGame\main.h(14,10): error C1083: 포함 파일을 열 수 없습니다. 'd3dx9.h': No such file or directory
  (소스 파일 '2dbox.cpp'을(를) 컴파일하는 중)
  
C:\Users\admin\source\repos\FpsGame\3dpolygon.cpp(1,1): warning C4819: 현재 코드 페이지(949)에서 표시할 수 없는 문자가 파일에 들어 있습니다. 데이터가 손실되지 않게 하려면 해당 파일을 유니코드 형식으로 저장하십시오.
C:\Users\admin\source\repos\FpsGame\main.h(14,10): error C1083: 포함 파일을 열 수 없습니다. 'd3dx9.h': No such file or directory
  (소스 파일 '3dpolygon.cpp'을(를) 컴파일하는 중)
  
  attack.cpp
C:\Users\admin\source\repos\FpsGame\main.h(14,10): error C1083: 포함 파일을 열 수 없습니다. 'd3dx9.h': No such file or directory
  (소스 파일 'attack.cpp'을(를) 컴파일하는 중)
  
  box.cpp
C:\Users\admin\source\repos\FpsGame\box.cpp(1,1): warning C4819: 현재 코드 페이지(949)에서 표시할 수 없는 문자가 파일에 들어 있습니다. 데이터가 손실되지 않게 하려면 해당 파일을 유니코드 형식으로 저장하십시오.
C:\Users\admin\source\repos\FpsGame\main.h(14,10): error C1083: 포함 파일을 열 수 없습니다. 'd3dx9.h': No such file or directory
  (소스 파일 'box.cpp'을(를) 컴파일하는 중)
  
  bullet.cpp
C:\Users\admin\source\repos\FpsGame\main.h(14,10): error C1083: 포함 파일을 열 수 없습니다. 'd3dx9.h': No such file or directory
  (소스 파일 'bullet.cpp'을(를) 컴파일하는 중)
  
  camera.cpp
C:\Users\admin\source\repos\FpsGame\main.h(14,10): error C1083: 포함 파일을 열 수 없습니다. 'd3dx9.h': No such file or directory
  (소스 파일 'camera.cpp'을(를) 컴파일하는 중)
  
  Clear.cpp
